Arguments: 
  /usr/local/bin/node /opt/homebrew/Cellar/yarn/1.22.19/libexec/bin/yarn.js build

PATH: 
  /Users/christophermarek/miniconda3/bin:/Users/christophermarek/miniconda3/condabin:/Users/christophermarek/Downloads/google-cloud-sdk/bin:/opt/homebrew/bin:/opt/homebrew/sbin:/usr/local/bin:/System/Cryptexes/App/usr/bin:/usr/bin:/bin:/usr/sbin:/sbin:/Library/Apple/usr/bin

Yarn version: 
  1.22.19

Node version: 
  18.16.0

Platform: 
  darwin arm64

Trace: 
  SyntaxError: /Users/christophermarek/Desktop/other/imt/immutable-monorepo/packages/interstellar-arena-types/package.json: Unexpected token } in JSON at position 317
      at JSON.parse (<anonymous>)
      at /opt/homebrew/Cellar/yarn/1.22.19/libexec/lib/cli.js:1629:59
      at Generator.next (<anonymous>)
      at step (/opt/homebrew/Cellar/yarn/1.22.19/libexec/lib/cli.js:310:30)
      at /opt/homebrew/Cellar/yarn/1.22.19/libexec/lib/cli.js:321:13

npm manifest: 
  {
    "name": "interstellar-arena-types",
    "version": "1.0.0",
    "main": "index.js",
    "repository": "git@github.com/ImmutableOrganization/interstellar-arena-types.git",
    "author": "immutable-dev <immutable-org@protonmail.com>",
    "license": "MIT",
    "type": "module",
    "dependencies": {
      "three": "^0.157.0",
  
    },
    "devDependencies": {
      "@types/three": "^0.156.0",
      "typescript": "^5.0.2",
      "tsc": "^2.0.4"
    }
  }

yarn manifest: 
  No manifest

Lockfile: 
  No lockfile
